[2021-10-27 16:34:11] [ERROR] [GlobalExceptionsHandler:17] Ha ocurrido un error en la creación de 'categoría', 'título' no puede estar vacío
[2021-10-27 16:45:47] [ERROR] [GlobalExceptionsHandler:17] El id no puede estar vacío
[2021-10-27 16:49:45] [ERROR] [GlobalExceptionsHandler:17] El id no puede estar vacío
[2021-10-27 16:52:09] [ERROR] [GlobalExceptionsHandler:17] El id no puede ser menor a 1
[2021-10-27 16:54:28] [ERROR] [GlobalExceptionsHandler:23] La 'categoría' con id 1 no está registrado en la base de datos.
[2021-10-27 17:01:54] [ERROR] [GlobalExceptionsHandler:17] El id no puede ser menor a 1
[2021-10-27 17:02:42] [ERROR] [GlobalExceptionsHandler:23] La 'categoría' con id 1 no está registrado en la base de datos.
[2021-10-28 10:23:14] [ERROR] [GlobalExceptionsHandler:17] Ha ocurrido un error en la creación de 'categoría', 'título' no puede estar vacío
[2021-10-28 10:23:21] [ERROR] [GlobalExceptionsHandler:17] Ha ocurrido un error en la creación de 'categoría', 'título' no puede estar vacío
[2021-10-28 10:26:00] [ERROR] [GlobalExceptionsHandler:17] Ha ocurrido un error en la creación de 'categoría', 'título' no puede estar vacío
[2021-10-28 10:26:06] [ERROR] [GlobalExceptionsHandler:17] Ha ocurrido un error en la creación de 'categoría', 'descripción' no puede estar vacío
[2021-10-28 10:26:11] [ERROR] [GlobalExceptionsHandler:17] Ha ocurrido un error en la creación de 'categoría', 'título' no puede estar vacío
[2021-10-28 10:26:17] [ERROR] [GlobalExceptionsHandler:17] Ha ocurrido un error en la creación de 'categoría', 'título' no puede estar vacío
[2021-10-28 10:26:24] [ERROR] [GlobalExceptionsHandler:17] Ha ocurrido un error en la creación de 'categoría', 'título' no puede estar vacío
[2021-10-28 10:26:25] [ERROR] [GlobalExceptionsHandler:17] Ha ocurrido un error en la creación de 'categoría', 'título' no puede estar vacío
[2021-10-28 10:26:27] [ERROR] [GlobalExceptionsHandler:17] Ha ocurrido un error en la creación de 'categoría', 'título' no puede estar vacío
[2021-10-28 10:26:28] [ERROR] [GlobalExceptionsHandler:17] Ha ocurrido un error en la creación de 'categoría', 'descripción' no puede estar vacío
[2021-10-28 10:26:30] [ERROR] [GlobalExceptionsHandler:17] Ha ocurrido un error en la creación de 'categoría', 'descripción' no puede estar vacío
[2021-10-28 10:26:33] [ERROR] [GlobalExceptionsHandler:17] Ha ocurrido un error en la creación de 'categoría', 'descripción' no puede estar vacío
[2021-10-28 10:26:35] [ERROR] [GlobalExceptionsHandler:17] Ha ocurrido un error en la creación de 'categoría', 'URL de la imagen' no puede estar vacío
[2021-10-28 10:26:37] [ERROR] [GlobalExceptionsHandler:17] Ha ocurrido un error en la creación de 'categoría', 'URL de la imagen' no puede estar vacío
[2021-10-28 10:26:40] [ERROR] [GlobalExceptionsHandler:17] Ha ocurrido un error en la creación de 'categoría', 'URL de la imagen' no puede estar vacío
[2021-10-28 10:26:49] [ERROR] [GlobalExceptionsHandler:23] La 'categoría' con id 7 no está registrado en la base de datos.
[2021-10-28 10:27:22] [ERROR] [GlobalExceptionsHandler:23] La 'categoría' con id 6 no está registrado en la base de datos.
[2021-10-28 10:30:12] [ERROR] [GlobalExceptionsHandler:23] La 'categoría' con id 15 no está registrado en la base de datos.
[2021-10-28 10:30:16] [ERROR] [GlobalExceptionsHandler:17] El id no puede estar vacío
[2021-10-28 10:30:20] [ERROR] [GlobalExceptionsHandler:17] El id no puede estar vacío
[2021-10-28 10:30:28] [ERROR] [GlobalExceptionsHandler:17] El id no puede ser menor a 1
[2021-10-28 10:31:44] [ERROR] [GlobalExceptionsHandler:23] La 'categoría' con id 995 no está registrado en la base de datos.
[2021-10-28 10:31:57] [ERROR] [GlobalExceptionsHandler:17] El id no puede ser menor a 1
