[2021-10-27 18:31:34] [ERROR] [GlobalExceptionsHandler:17] Ha ocurrido un error en la creación de 'categoría', 'título' no puede estar vacío
[2021-10-27 18:31:39] [ERROR] [GlobalExceptionsHandler:17] Ha ocurrido un error en la creación de 'categoría', 'título' no puede estar vacío
[2021-10-27 18:32:03] [ERROR] [GlobalExceptionsHandler:17] Ha ocurrido un error en la creación de 'categoría', 'descripción' no puede estar vacío
[2021-10-27 18:32:07] [ERROR] [GlobalExceptionsHandler:17] Ha ocurrido un error en la creación de 'categoría', 'descripción' no puede estar vacío
[2021-10-27 18:32:15] [ERROR] [GlobalExceptionsHandler:17] Ha ocurrido un error en la creación de 'categoría', 'URL de la imagen' no puede estar vacío
[2021-10-27 18:32:18] [ERROR] [GlobalExceptionsHandler:17] Ha ocurrido un error en la creación de 'categoría', 'URL de la imagen' no puede estar vacío
[2021-10-27 18:32:29] [ERROR] [GlobalExceptionsHandler:23] La 'categoría' con id 7 no está registrado en la base de datos.
[2021-10-27 18:32:33] [ERROR] [GlobalExceptionsHandler:23] La 'categoría' con id 6 no está registrado en la base de datos.
[2021-10-27 18:33:07] [ERROR] [GlobalExceptionsHandler:23] La 'categoría' con id 6 no está registrado en la base de datos.
[2021-10-27 18:34:56] [ERROR] [GlobalExceptionsHandler:23] La 'categoría' con id 6 no está registrado en la base de datos.
[2021-10-27 18:51:46] [ERROR] [GlobalExceptionsHandler:17] Ha ocurrido un error, 'Categoría' o uno de sus campos no puede ser nulo
[2021-10-27 18:51:54] [ERROR] [GlobalExceptionsHandler:17] Ha ocurrido un error, 'Categoría' o uno de sus campos no puede ser nulo
[2021-10-27 18:51:58] [ERROR] [GlobalExceptionsHandler:17] Ha ocurrido un error, 'Categoría' o uno de sus campos no puede ser nulo
[2021-10-27 18:56:42] [ERROR] [GlobalExceptionsHandler:17] Ha ocurrido un error, 'Categoría' o uno de sus campos no puede ser nulo
[2021-10-27 18:56:54] [ERROR] [GlobalExceptionsHandler:17] Ha ocurrido un error en la creación de 'categoría', 'descripción' no puede estar vacío
[2021-10-27 18:56:58] [ERROR] [GlobalExceptionsHandler:17] Ha ocurrido un error en la creación de 'categoría', 'descripción' no puede estar vacío
[2021-10-27 18:57:01] [ERROR] [GlobalExceptionsHandler:17] Ha ocurrido un error, 'Categoría' o uno de sus campos no puede ser nulo
[2021-10-27 18:57:04] [ERROR] [GlobalExceptionsHandler:17] Ha ocurrido un error en la creación de 'categoría', 'URL de la imagen' no puede estar vacío
[2021-10-27 18:57:06] [ERROR] [GlobalExceptionsHandler:17] Ha ocurrido un error en la creación de 'categoría', 'URL de la imagen' no puede estar vacío
[2021-10-27 18:57:08] [ERROR] [GlobalExceptionsHandler:17] Ha ocurrido un error, 'Categoría' o uno de sus campos no puede ser nulo
[2021-10-27 18:57:11] [ERROR] [GlobalExceptionsHandler:23] La 'categoría' con id 15 no está registrado en la base de datos.
[2021-10-27 18:57:43] [ERROR] [GlobalExceptionsHandler:17] Ha ocurrido un error en la creación de 'categoría', 'título' no puede estar vacío
[2021-10-27 18:57:45] [ERROR] [GlobalExceptionsHandler:17] Ha ocurrido un error en la creación de 'categoría', 'título' no puede estar vacío
[2021-10-27 18:57:47] [ERROR] [GlobalExceptionsHandler:17] Ha ocurrido un error, 'Categoría' o uno de sus campos no puede ser nulo
[2021-10-27 18:57:49] [ERROR] [GlobalExceptionsHandler:17] Ha ocurrido un error en la creación de 'categoría', 'descripción' no puede estar vacío
[2021-10-27 18:57:51] [ERROR] [GlobalExceptionsHandler:17] Ha ocurrido un error en la creación de 'categoría', 'descripción' no puede estar vacío
[2021-10-27 18:57:52] [ERROR] [GlobalExceptionsHandler:17] Ha ocurrido un error, 'Categoría' o uno de sus campos no puede ser nulo
[2021-10-27 18:57:54] [ERROR] [GlobalExceptionsHandler:17] Ha ocurrido un error en la creación de 'categoría', 'URL de la imagen' no puede estar vacío
[2021-10-27 18:57:56] [ERROR] [GlobalExceptionsHandler:17] Ha ocurrido un error en la creación de 'categoría', 'URL de la imagen' no puede estar vacío
[2021-10-27 18:57:57] [ERROR] [GlobalExceptionsHandler:17] Ha ocurrido un error, 'Categoría' o uno de sus campos no puede ser nulo
